2025-10-10 21:03:57 - INFO - ======================================================================
2025-10-10 21:03:57 - INFO - VOXELWISE NON-PARAMETRIC STATISTICAL ANALYSIS
2025-10-10 21:03:57 - INFO - ======================================================================
2025-10-10 21:03:57 - INFO - Analysis started: 2025-10-10 21:03:57
2025-10-10 21:03:57 - INFO - Log file: /Users/idohaber/Desktop/stats/output/analysis_20251010_210357.log
2025-10-10 21:03:57 - INFO - 
2025-10-10 21:03:57 - INFO - CONFIGURATION:
2025-10-10 21:03:57 - INFO -   Data directory: /Users/idohaber/Desktop/stats/data
2025-10-10 21:03:57 - INFO -   Output directory: /Users/idohaber/Desktop/stats/output
2025-10-10 21:03:57 - INFO -   Assets directory: /Users/idohaber/Desktop/stats/assets
2025-10-10 21:03:57 - INFO -   CSV file: subject_class.csv
2025-10-10 21:03:57 - INFO -   Cluster threshold: 0.01
2025-10-10 21:03:57 - INFO -   Number of permutations: 1000
2025-10-10 21:03:57 - INFO -   Alpha level: 0.05
2025-10-10 21:03:57 - INFO -   Parallel jobs: -1
2025-10-10 21:03:57 - INFO -   Group 1: Responders
2025-10-10 21:03:57 - INFO -   Group 2: Non-Responders
2025-10-10 21:03:57 - INFO -   Metric: Current Intensity
2025-10-10 21:03:57 - INFO - 
2025-10-10 21:03:57 - INFO - 
[1/7] LOADING SUBJECT DATA
2025-10-10 21:03:57 - INFO - ----------------------------------------------------------------------
2025-10-10 21:04:00 - INFO - Loaded 12 Responders
2025-10-10 21:04:00 - INFO - Loaded 17 Non-Responders
2025-10-10 21:04:00 - INFO - Image shape: (182, 218, 182)
2025-10-10 21:04:00 - INFO - Step completed in 2.77 seconds
2025-10-10 21:04:00 - INFO - 
[2/7] RUNNING VOXELWISE STATISTICAL TESTS
2025-10-10 21:04:00 - INFO - ----------------------------------------------------------------------
2025-10-10 21:09:19 - INFO - Tested 1598522 valid voxels
2025-10-10 21:09:19 - INFO - Minimum p-value: 2.171177e-05
2025-10-10 21:09:20 - INFO - Voxels with p<0.01: 6120
2025-10-10 21:09:20 - INFO - Step completed in 319.94 seconds
2025-10-10 21:09:20 - INFO - 
[3/7] APPLYING CLUSTER-BASED PERMUTATION CORRECTION
2025-10-10 21:09:20 - INFO - ----------------------------------------------------------------------
2025-10-10 21:30:08 - INFO - Cluster size threshold: 28.0 voxels
2025-10-10 21:30:08 - INFO - Significant clusters found: 14
2025-10-10 21:30:08 - INFO - Total significant voxels: 536
2025-10-10 21:30:08 - INFO - Step completed in 1248.77 seconds
2025-10-10 21:30:08 - INFO - 
[4/7] ANALYZING SIGNIFICANT CLUSTERS
2025-10-10 21:30:08 - INFO - ----------------------------------------------------------------------
2025-10-10 21:30:09 - INFO - Largest cluster: 57 voxels
2025-10-10 21:30:09 - INFO - MNI center: (1.1, -2.6, 30.7)
2025-10-10 21:30:09 - INFO - Step completed in 0.28 seconds
2025-10-10 21:30:09 - INFO - 
[5/7] GENERATING AVERAGE INTENSITY MAPS
2025-10-10 21:30:09 - INFO - ----------------------------------------------------------------------
2025-10-10 21:30:09 - INFO - Saved: average_responders.nii.gz
2025-10-10 21:30:09 - INFO - Saved: average_non_responders.nii.gz
2025-10-10 21:30:10 - INFO - Saved: difference_map.nii.gz
2025-10-10 21:30:10 - INFO - Mean difference in brain: 0.0279
2025-10-10 21:30:10 - INFO - Max absolute difference: 0.7963
2025-10-10 21:30:10 - INFO - Step completed in 1.03 seconds
2025-10-10 21:30:10 - INFO - 
[6/7] PERFORMING ATLAS OVERLAP ANALYSIS
2025-10-10 21:30:10 - INFO - ----------------------------------------------------------------------
2025-10-10 21:30:29 - INFO - HarvardOxford-cort-maxprob-thr0-1mm.nii.gz: 11 regions with overlap
2025-10-10 21:30:29 - INFO - Talairach-labels-1mm.nii.gz: 30 regions with overlap
2025-10-10 21:30:29 - INFO - MNI_Glasser_HCP_v1.0.nii.gz: 24 regions with overlap
2025-10-10 21:30:29 - INFO - Step completed in 19.66 seconds
2025-10-10 21:30:29 - INFO - 
[7/7] SAVING RESULTS
2025-10-10 21:30:29 - INFO - ----------------------------------------------------------------------
2025-10-10 21:30:29 - INFO - Saved: significant_voxels_mask.nii.gz
2025-10-10 21:30:30 - INFO - Saved: pvalues_map.nii.gz
2025-10-10 21:30:30 - INFO - Saved: analysis_summary.txt
2025-10-10 21:30:30 - INFO - Step completed in 0.30 seconds
2025-10-10 21:30:30 - INFO - 
======================================================================
2025-10-10 21:30:30 - INFO - ANALYSIS COMPLETE!
2025-10-10 21:30:30 - INFO - ======================================================================
2025-10-10 21:30:30 - INFO - Total analysis time: 0h 26m 32.8s
2025-10-10 21:30:30 - INFO - Completed: 2025-10-10 21:30:30
2025-10-10 21:30:30 - INFO - 
2025-10-10 21:30:30 - INFO - OUTPUT FILES:
2025-10-10 21:30:30 - INFO -   1. Binary mask: /Users/idohaber/Desktop/stats/output/significant_voxels_mask.nii.gz
2025-10-10 21:30:30 - INFO -   2. P-values map (-log10): /Users/idohaber/Desktop/stats/output/pvalues_map.nii.gz
2025-10-10 21:30:30 - INFO -   3. Summary report: /Users/idohaber/Desktop/stats/output/analysis_summary.txt
2025-10-10 21:30:30 - INFO -   4. Average Responders: /Users/idohaber/Desktop/stats/output/average_responders.nii.gz
2025-10-10 21:30:30 - INFO -   5. Average Non-Responders: /Users/idohaber/Desktop/stats/output/average_non_responders.nii.gz
2025-10-10 21:30:30 - INFO -   6. Difference map: /Users/idohaber/Desktop/stats/output/difference_map.nii.gz
2025-10-10 21:30:30 - INFO -   7. Log file: /Users/idohaber/Desktop/stats/output/analysis_20251010_210357.log
2025-10-10 21:30:30 - INFO - 
2025-10-10 21:30:30 - INFO - NEXT STEPS:
2025-10-10 21:30:30 - INFO -   - Visualize: Use FSLeyes, SPM, or nilearn
2025-10-10 21:30:30 - INFO -   - Post-hoc atlas analysis: python posthoc_atlas_analysis.py
2025-10-10 21:30:30 - INFO -   - Programmatic usage: See CLI.md for examples
2025-10-10 21:30:30 - INFO - 
